Rendering to 1024x1024 image
Loaded scene with 1217 circles
Loaded scene with 1217 circles
---------------------------------------------------------
Initializing CUDA for CudaRenderer
Found 1 CUDA devices
Device 0: NVIDIA GeForce RTX 2060
   SMs:        30
   Global mem: 6144 MB
   CUDA Cap:   7.5
---------------------------------------------------------

Running benchmark, 1 frames, beginning at frame 0 ...
Dumping frames to output_xxx.ppm
Copying image data from device
Wrote image file output_0000.ppm
Copying image data from device
Mismatch detected at pixel [0][0], value = 1.000000, expected 0.500000 for color Blue
Mismatch detected at pixel [0][1], value = 1.000000, expected 0.500000 for color Blue
Mismatch detected at pixel [0][2], value = 1.000000, expected 0.500000 for color Blue
Mismatch detected at pixel [0][3], value = 1.000000, expected 0.500000 for color Blue
Mismatch detected at pixel [0][4], value = 1.000000, expected 0.500000 for color Blue
Mismatch detected at pixel [0][5], value = 1.000000, expected 0.500000 for color Blue
ERROR : Mismatch detected between reference and actual
