Rendering to 1024x1024 image
Loaded scene with 10000 circles
Loaded scene with 10000 circles
---------------------------------------------------------
Initializing CUDA for CudaRenderer
Found 1 CUDA devices
Device 0: NVIDIA GeForce RTX 2060
   SMs:        30
   Global mem: 6144 MB
   CUDA Cap:   7.5
---------------------------------------------------------

Running benchmark, 1 frames, beginning at frame 0 ...
Dumping frames to output_xxx.ppm
Copying image data from device
Wrote image file output_0000.ppm
Copying image data from device
Mismatch detected at pixel [0][0], value = 0.922378, expected 0.517278 for color Red
Mismatch detected at pixel [0][0], value = 0.710521, expected 0.457493 for color Green
Mismatch detected at pixel [0][0], value = 0.879770, expected 0.682798 for color Blue
Mismatch detected at pixel [0][1], value = 0.922378, expected 0.517276 for color Red
Mismatch detected at pixel [0][1], value = 0.710521, expected 0.457492 for color Green
Mismatch detected at pixel [0][1], value = 0.879770, expected 0.682798 for color Blue
ERROR : Mismatch detected between reference and actual
