Rendering to 1024x1024 image
Loaded scene with 315 circles
Loaded scene with 315 circles
---------------------------------------------------------
Initializing CUDA for CudaRenderer
Found 1 CUDA devices
Device 0: NVIDIA GeForce RTX 2060
   SMs:        30
   Global mem: 6144 MB
   CUDA Cap:   7.5
---------------------------------------------------------

Running benchmark, 1 frames, beginning at frame 0 ...
Dumping frames to output_xxx.ppm
Copying image data from device
Wrote image file output_0000.ppm
Copying image data from device
Mismatch detected at pixel [93][127], value = 1.000000, expected 0.500000 for color Red
Mismatch detected at pixel [93][127], value = 1.000000, expected 0.500000 for color Blue
Mismatch detected at pixel [93][128], value = 1.000000, expected 0.500000 for color Red
Mismatch detected at pixel [93][128], value = 1.000000, expected 0.500000 for color Blue
Mismatch detected at pixel [93][129], value = 1.000000, expected 0.250000 for color Red
Mismatch detected at pixel [93][129], value = 1.000000, expected 0.250000 for color Blue
ERROR : Mismatch detected between reference and actual
