Rendering to 1024x1024 image
Loaded scene with 100000 circles
---------------------------------------------------------
Initializing CUDA for CudaRenderer
Found 1 CUDA devices
Device 0: NVIDIA GeForce RTX 2060
   SMs:        30
   Global mem: 6144 MB
   CUDA Cap:   7.5
---------------------------------------------------------
WARNING: You're not running on a fast GPU, please consider using NVIDIA GTX 480, 670 or 780.
---------------------------------------------------------

Running benchmark, 4 frames, beginning at frame 0 ...
Dumping frames to output_xxx.ppm
Copying image data from device
Wrote image file output_0000.ppm
Copying image data from device
Wrote image file output_0001.ppm
Copying image data from device
Wrote image file output_0002.ppm
Copying image data from device
Wrote image file output_0003.ppm
Clear:    0.2724 ms
Advance:  0.0016 ms
Render:   54.3158 ms
Total:    54.5898 ms
File IO:  43.1036 ms

Overall:  0.3908 sec (note units are seconds)
